<d2LogicalModel modelBaseVersion="1.0">
	<exchange>
		<supplierIdentification>
			<country>gb</country>
			<nationalIdentifier>NTCC</nationalIdentifier>
		</supplierIdentification>
	</exchange>
	<payloadPublication>
		<publicationTime>2014-03-15T04:55:21Z</publicationTime>
		<publicationCreator>
			<country>gb</country>
			<nationalIdentifier>NTCC</nationalIdentifier>
		</publicationCreator>
		<headerInformation>
			<areaOfInterest>national</areaOfInterest>
			<confidentiality>restrictedToAuthoritiesTrafficOperatorsAndPublishers
			</confidentiality>
			<informationUsage>broadcast</informationUsage>
			<informationStatus>real</informationStatus>
		</headerInformation>
		<predefinedLocationSet id="GUID-NTCC-Links">
			<predefinedLocationSetName>
				<value lang="en">NTCC Network Links</value>
			</predefinedLocationSetName>
			<predefinedLocation id="Link114001101">
				<predefinedLocationName>
					<value lang="en">A50 westbound exit for A515 near Sudbury (west)
					</value>
				</predefinedLocationName>
				<predefinedLocation>
					<tpeglinearLocation>
						<tpegDirection>westBound</tpegDirection>
						<tpegLocationType>segment</tpegLocationType>
						<to>
							<pointCoordinates>
								<latitude>52.892544</latitude>
								<longitude>-1.775278</longitude>
							</pointCoordinates>
							<name>
								<descriptor>
									<value lang="en" />
								</descriptor>
								<tpegDescriptorType>junctionName</tpegDescriptorType>
							</name>
							<ilc>
								<descriptor>
									<value lang="en">A50</value>
								</descriptor>
								<tpegDescriptorType>tpegILCName1</tpegDescriptorType>
							</ilc>
							<ilc>
								<descriptor>
									<value lang="en">A515</value>
								</descriptor>
								<tpegDescriptorType>tpegILCName2</tpegDescriptorType>
							</ilc>
						</to>
						<from>
							<pointCoordinates>
								<latitude>52.891373</latitude>
								<longitude>-1.768254</longitude>
							</pointCoordinates>
							<name>
								<descriptor>
									<value lang="en" />
								</descriptor>
								<tpegDescriptorType>junctionName</tpegDescriptorType>
							</name>
							<ilc>
								<descriptor>
									<value lang="en">A50</value>
								</descriptor>
								<tpegDescriptorType>tpegILCName1</tpegDescriptorType>
							</ilc>
							<ilc>
								<descriptor>
									<value lang="en">A515</value>
								</descriptor>
								<tpegDescriptorType>tpegILCName2</tpegDescriptorType>
							</ilc>
						</from>
					</tpeglinearLocation>
				</predefinedLocation>
			</predefinedLocation>
		</predefinedLocationSet>
	</payloadPublication>
</d2LogicalModel>