<?xml version="1.0" encoding="UTF-8" standalone="yes"?>
<d2LogicalModel xmlns="http://datex2.eu/schema/1_0/1_0"
	modelBaseVersion="1.0">
	<exchange>
		<supplierIdentification>
			<country>gb</country>
			<nationalIdentifier>NTCC</nationalIdentifier>
		</supplierIdentification>
	</exchange>
	<payloadPublication xmlns:xsi="http://www.w3.org/2001/XMLSchema-instance"
		xsi:type="PredefinedLocationsPublication" lang="en">
		<publicationTime>2014-03-21T11:55:32Z</publicationTime>
		<publicationCreator>
			<country>gb</country>
			<nationalIdentifier>NTCC</nationalIdentifier>
		</publicationCreator>
		<headerInformation>
			<areaOfInterest>national</areaOfInterest>
			<confidentiality>restrictedToAuthoritiesTrafficOperatorsAndPublishers</confidentiality>
			<informationUsage>broadcast</informationUsage>
			<informationStatus>real</informationStatus>
		</headerInformation>
		<predefinedLocationSet id="GUID-NTCC-JourneyTimeSections">
			<predefinedLocationSetName>
				<value lang="en">NTCC Journey Time Sections</value>
			</predefinedLocationSetName>
			<predefinedLocation id="Section11117">
				<predefinedLocationName>
					<value lang="en">Journey Time Section for M53 southbound from J2
						(A551) to J5 (A41)</value>
				</predefinedLocationName>
				<predefinedLocation xsi:type="Linear">
					<tpeglinearLocation>
						<tpegDirection>southBound</tpegDirection>
						<tpegLocationType>segment</tpegLocationType>
						<to xsi:type="TPEGJunction">
							<pointCoordinates>
								<latitude>53.303505</latitude>
								<longitude>-2.964967</longitude>
							</pointCoordinates>
							<name>
								<descriptor>
									<value lang="en">5</value>
								</descriptor>
								<tpegDescriptorType>junctionName</tpegDescriptorType>
							</name>
							<ilc>
								<descriptor>
									<value lang="en">M53</value>
								</descriptor>
								<tpegDescriptorType>tpegILCName1</tpegDescriptorType>
							</ilc>
							<ilc>
								<descriptor>
									<value lang="en">A41</value>
								</descriptor>
								<tpegDescriptorType>tpegILCName2</tpegDescriptorType>
							</ilc>
						</to>
						<from xsi:type="TPEGJunction">
							<pointCoordinates>
								<latitude>53.40252</latitude>
								<longitude>-3.088529</longitude>
							</pointCoordinates>
							<name>
								<descriptor>
									<value lang="en">2</value>
								</descriptor>
								<tpegDescriptorType>junctionName</tpegDescriptorType>
							</name>
							<ilc>
								<descriptor>
									<value lang="en">M53</value>
								</descriptor>
								<tpegDescriptorType>tpegILCName1</tpegDescriptorType>
							</ilc>
							<ilc>
								<descriptor>
									<value lang="en">A551</value>
								</descriptor>
								<tpegDescriptorType>tpegILCName2</tpegDescriptorType>
							</ilc>
						</from>
					</tpeglinearLocation>
				</predefinedLocation>
			</predefinedLocation>
		</predefinedLocationSet>
	</payloadPublication>
</d2LogicalModel>